<?xml version="1.0" encoding="UTF-8"?>
<testng-results ignored="0" total="1" passed="1" failed="0" skipped="0">
  <reporter-output>
  </reporter-output>
  <suite started-at="2023-11-06T11:47:10 IST" name="Default suite" finished-at="2023-11-06T11:47:35 IST" duration-ms="25047">
    <groups>
    </groups>
    <test started-at="2023-11-06T11:47:10 IST" name="Default test" finished-at="2023-11-06T11:47:35 IST" duration-ms="25047">
      <class name="com.testcases.CompanyTest">
        <test-method is-config="true" signature="setup()[pri:0, instance:com.testcases.CompanyTest@408d971b]" started-at="2023-11-06T11:47:10 IST" name="setup" finished-at="2023-11-06T11:47:17 IST" duration-ms="6935" status="PASS">
          <reporter-output>
          </reporter-output>
        </test-method> <!-- setup -->
        <test-method signature="editcompanyvalidation()[pri:0, instance:com.testcases.CompanyTest@408d971b]" started-at="2023-11-06T11:47:17 IST" name="editcompanyvalidation" finished-at="2023-11-06T11:47:35 IST" duration-ms="17993" status="PASS">
          <reporter-output>
          </reporter-output>
        </test-method> <!-- editcompanyvalidation -->
      </class> <!-- com.testcases.CompanyTest -->
    </test> <!-- Default test -->
  </suite> <!-- Default suite -->
</testng-results>
